This is XeTeX, Version 3.14159265-2.6-0.999992 (TeX Live 2020) (preloaded format=xelatex 2020.5.25)  30 JUN 2020 17:57
entering extended mode
 restricted \write18 enabled.
 %&-line parsing enabled.
**Metabolomics.tex
(./Metabolomics.tex
LaTeX2e <2020-02-02> patch level 5
L3 programming layer <2020-05-15> (/Users/yufree/Library/TinyTeX/texmf-dist/tex
/latex/base/book.cls
Document Class: book 2019/12/20 v1.4l Standard LaTeX document class
(/Users/yufree/Library/TinyTeX/texmf-dist/tex/latex/base/bk10.clo
File: bk10.clo 2019/12/20 v1.4l Standard LaTeX file (size option)
)
\c@part=\count163
\c@chapter=\count164
\c@section=\count165
\c@subsection=\count166
\c@subsubsection=\count167
\c@paragraph=\count168
\c@subparagraph=\count169
\c@figure=\count170
\c@table=\count171
\abovecaptionskip=\skip47
\belowcaptionskip=\skip48
\bibindent=\dimen134
) (/Users/yufree/Library/TinyTeX/texmf-dist/tex/latex/lm/lmodern.sty
Package: lmodern 2009/10/30 v1.6 Latin Modern Fonts
LaTeX Font Info:    Overwriting symbol font `operators' in version `normal'
(Font)                  OT1/cmr/m/n --> OT1/lmr/m/n on input line 22.
LaTeX Font Info:    Overwriting symbol font `letters' in version `normal'
(Font)                  OML/cmm/m/it --> OML/lmm/m/it on input line 23.
LaTeX Font Info:    Overwriting symbol font `symbols' in version `normal'
(Font)                  OMS/cmsy/m/n --> OMS/lmsy/m/n on input line 24.
LaTeX Font Info:    Overwriting symbol font `largesymbols' in version `normal'
(Font)                  OMX/cmex/m/n --> OMX/lmex/m/n on input line 25.
LaTeX Font Info:    Overwriting symbol font `operators' in version `bold'
(Font)                  OT1/cmr/bx/n --> OT1/lmr/bx/n on input line 26.
LaTeX Font Info:    Overwriting symbol font `letters' in version `bold'
(Font)                  OML/cmm/b/it --> OML/lmm/b/it on input line 27.
LaTeX Font Info:    Overwriting symbol font `symbols' in version `bold'
(Font)                  OMS/cmsy/b/n --> OMS/lmsy/b/n on input line 28.
LaTeX Font Info:    Overwriting symbol font `largesymbols' in version `bold'
(Font)                  OMX/cmex/m/n --> OMX/lmex/m/n on input line 29.
LaTeX Font Info:    Overwriting math alphabet `\mathbf' in version `normal'
(Font)                  OT1/cmr/bx/n --> OT1/lmr/bx/n on input line 31.
LaTeX Font Info:    Overwriting math alphabet `\mathsf' in version `normal'
(Font)                  OT1/cmss/m/n --> OT1/lmss/m/n on input line 32.
LaTeX Font Info:    Overwriting math alphabet `\mathit' in version `normal'
(Font)                  OT1/cmr/m/it --> OT1/lmr/m/it on input line 33.
LaTeX Font Info:    Overwriting math alphabet `\mathtt' in version `normal'
(Font)                  OT1/cmtt/m/n --> OT1/lmtt/m/n on input line 34.
LaTeX Font Info:    Overwriting math alphabet `\mathbf' in version `bold'
(Font)                  OT1/cmr/bx/n --> OT1/lmr/bx/n on input line 35.
LaTeX Font Info:    Overwriting math alphabet `\mathsf' in version `bold'
(Font)                  OT1/cmss/bx/n --> OT1/lmss/bx/n on input line 36.
LaTeX Font Info:    Overwriting math alphabet `\mathit' in version `bold'
(Font)                  OT1/cmr/bx/it --> OT1/lmr/bx/it on input line 37.
LaTeX Font Info:    Overwriting math alphabet `\mathtt' in version `bold'
(Font)                  OT1/cmtt/m/n --> OT1/lmtt/m/n on input line 38.
) (/Users/yufree/Library/TinyTeX/texmf-dist/tex/latex/amsfonts/amssymb.sty
Package: amssymb 2013/01/14 v3.01 AMS font symbols
(/Users/yufree/Library/TinyTeX/texmf-dist/tex/latex/amsfonts/amsfonts.sty
Package: amsfonts 2013/01/14 v3.01 Basic AMSFonts support
\@emptytoks=\toks15
\symAMSa=\mathgroup4
\symAMSb=\mathgroup5
LaTeX Font Info:    Redeclaring math symbol \hbar on input line 98.
LaTeX Font Info:    Overwriting math alphabet `\mathfrak' in version `bold'
(Font)                  U/euf/m/n --> U/euf/b/n on input line 106.
)) (/Users/yufree/Library/TinyTeX/texmf-dist/tex/latex/amsmath/amsmath.sty
Package: amsmath 2020/01/20 v2.17e AMS math features
\@mathmargin=\skip49
For additional information on amsmath, use the `?' option.
(/Users/yufree/Library/TinyTeX/texmf-dist/tex/latex/amsmath/amstext.sty
Package: amstext 2000/06/29 v2.01 AMS text
(/Users/yufree/Library/TinyTeX/texmf-dist/tex/latex/amsmath/amsgen.sty
File: amsgen.sty 1999/11/30 v2.0 generic functions
\@emptytoks=\toks16
\ex@=\dimen135
)) (/Users/yufree/Library/TinyTeX/texmf-dist/tex/latex/amsmath/amsbsy.sty
Package: amsbsy 1999/11/29 v1.2d Bold Symbols
\pmbraise@=\dimen136
) (/Users/yufree/Library/TinyTeX/texmf-dist/tex/latex/amsmath/amsopn.sty
Package: amsopn 2016/03/08 v2.02 operator names
)
\inf@bad=\count172
LaTeX Info: Redefining \frac on input line 227.
\uproot@=\count173
\leftroot@=\count174
LaTeX Info: Redefining \overline on input line 389.
\classnum@=\count175
\DOTSCASE@=\count176
LaTeX Info: Redefining \ldots on input line 486.
LaTeX Info: Redefining \dots on input line 489.
LaTeX Info: Redefining \cdots on input line 610.
\Mathstrutbox@=\box45
\strutbox@=\box46
\big@size=\dimen137
LaTeX Font Info:    Redeclaring font encoding OML on input line 733.
LaTeX Font Info:    Redeclaring font encoding OMS on input line 734.
\macc@depth=\count177
\c@MaxMatrixCols=\count178
\dotsspace@=\muskip16
\c@parentequation=\count179
\dspbrk@lvl=\count180
\tag@help=\toks17
\row@=\count181
\column@=\count182
\maxfields@=\count183
\andhelp@=\toks18
\eqnshift@=\dimen138
\alignsep@=\dimen139
\tagshift@=\dimen140
\tagwidth@=\dimen141
\totwidth@=\dimen142
\lineht@=\dimen143
\@envbody=\toks19
\multlinegap=\skip50
\multlinetaggap=\skip51
\mathdisplay@stack=\toks20
LaTeX Info: Redefining \[ on input line 2859.
LaTeX Info: Redefining \] on input line 2860.
) (/Users/yufree/Library/TinyTeX/texmf-dist/tex/generic/iftex/ifxetex.sty
Package: ifxetex 2019/10/25 v0.7 ifxetex legacy package. Use iftex instead.
(/Users/yufree/Library/TinyTeX/texmf-dist/tex/generic/iftex/iftex.sty
Package: iftex 2020/03/06 v1.0d TeX engine tests
)) (/Users/yufree/Library/TinyTeX/texmf-dist/tex/generic/iftex/ifluatex.sty
Package: ifluatex 2019/10/25 v1.5 ifluatex legacy package. Use iftex instead.
)
(/Users/yufree/Library/TinyTeX/texmf-dist/tex/latex/unicode-math/unicode-math.s
ty (/Users/yufree/Library/TinyTeX/texmf-dist/tex/latex/l3kernel/expl3.sty
Package: expl3 2020-05-15 L3 programming layer (loader) 

(/Users/yufree/Library/TinyTeX/texmf-dist/tex/latex/l3backend/l3backend-xdvipdf
mx.def
File: l3backend-xdvipdfmx.def 2020-05-05 L3 backend support: xdvipdfmx
\g__graphics_track_int=\count184
\l__pdf_internal_box=\box47
\g__pdf_backend_object_int=\count185
\g__pdf_backend_annotation_int=\count186
))
Package: unicode-math 2020/01/31 v0.8q Unicode maths in XeLaTeX and LuaLaTeX

(/Users/yufree/Library/TinyTeX/texmf-dist/tex/latex/unicode-math/unicode-math-x
etex.sty
Package: unicode-math-xetex 2020/01/31 v0.8q Unicode maths in XeLaTeX and LuaLa
TeX

(/Users/yufree/Library/TinyTeX/texmf-dist/tex/latex/l3packages/xparse/xparse.st
y
Package: xparse 2020-05-15 L3 Experimental document command parser

(/Users/yufree/Library/TinyTeX/texmf-dist/tex/latex/l3packages/xparse/xparse-ge
neric.tex
\l__xparse_current_arg_int=\count187
\g__xparse_grabber_int=\count188
\l__xparse_m_args_int=\count189
\l__xparse_v_nesting_int=\count190
))
(/Users/yufree/Library/TinyTeX/texmf-dist/tex/latex/l3packages/l3keys2e/l3keys2
e.sty
Package: l3keys2e 2020-05-15 LaTeX2e option processing using LaTeX3 keys
) (/Users/yufree/Library/TinyTeX/texmf-dist/tex/latex/fontspec/fontspec.sty
Package: fontspec 2020/02/21 v2.7i Font selection for XeLaTeX and LuaLaTeX

(/Users/yufree/Library/TinyTeX/texmf-dist/tex/latex/fontspec/fontspec-xetex.sty
Package: fontspec-xetex 2020/02/21 v2.7i Font selection for XeLaTeX and LuaLaTe
X
\l__fontspec_script_int=\count191
\l__fontspec_language_int=\count192
\l__fontspec_strnum_int=\count193
\l__fontspec_tmp_int=\count194
\l__fontspec_tmpa_int=\count195
\l__fontspec_tmpb_int=\count196
\l__fontspec_tmpc_int=\count197
\l__fontspec_em_int=\count198
\l__fontspec_emdef_int=\count199
\l__fontspec_strong_int=\count266
\l__fontspec_strongdef_int=\count267
\l__fontspec_tmpa_dim=\dimen144
\l__fontspec_tmpb_dim=\dimen145
\l__fontspec_tmpc_dim=\dimen146
(/Users/yufree/Library/TinyTeX/texmf-dist/tex/latex/base/fontenc.sty
Package: fontenc 2020/02/11 v2.0o Standard LaTeX package
) (/Users/yufree/Library/TinyTeX/texmf-dist/tex/latex/fontspec/fontspec.cfg))) 
(/Users/yufree/Library/TinyTeX/texmf-dist/tex/latex/base/fix-cm.sty
Package: fix-cm 2015/01/14 v1.1t fixes to LaTeX
(/Users/yufree/Library/TinyTeX/texmf-dist/tex/latex/base/ts1enc.def
File: ts1enc.def 2001/06/05 v3.0e (jk/car/fm) Standard LaTeX file
LaTeX Font Info:    Redeclaring font encoding TS1 on input line 47.
))
\g__um_fam_int=\count268
\g__um_fonts_used_int=\count269
\l__um_primecount_int=\count270
\g__um_primekern_muskip=\muskip17

(/Users/yufree/Library/TinyTeX/texmf-dist/tex/latex/unicode-math/unicode-math-t
able.tex))) (/Users/yufree/Library/TinyTeX/texmf-dist/tex/latex/xcolor/xcolor.s
ty
Package: xcolor 2016/05/11 v2.12 LaTeX color extensions (UK)
(/Users/yufree/Library/TinyTeX/texmf-dist/tex/latex/graphics-cfg/color.cfg
File: color.cfg 2016/01/02 v1.6 sample color configuration
)
Package xcolor Info: Driver file: xetex.def on input line 225.
(/Users/yufree/Library/TinyTeX/texmf-dist/tex/latex/graphics-def/xetex.def
File: xetex.def 2017/06/24 v5.0h Graphics/color driver for xetex
)
Package xcolor Info: Model `cmy' substituted by `cmy0' on input line 1348.
Package xcolor Info: Model `RGB' extended on input line 1364.
Package xcolor Info: Model `HTML' substituted by `rgb' on input line 1366.
Package xcolor Info: Model `Hsb' substituted by `hsb' on input line 1367.
Package xcolor Info: Model `tHsb' substituted by `hsb' on input line 1368.
Package xcolor Info: Model `HSB' substituted by `hsb' on input line 1369.
Package xcolor Info: Model `Gray' substituted by `gray' on input line 1370.
Package xcolor Info: Model `wave' substituted by `hsb' on input line 1371.
) (/Users/yufree/Library/TinyTeX/texmf-dist/tex/latex/hyperref/hyperref.sty
Package: hyperref 2020-05-15 v7.00e Hypertext links for LaTeX
(/Users/yufree/Library/TinyTeX/texmf-dist/tex/generic/ltxcmds/ltxcmds.sty
Package: ltxcmds 2019/12/15 v1.24 LaTeX kernel commands for general use (HO)
) (/Users/yufree/Library/TinyTeX/texmf-dist/tex/latex/pdftexcmds/pdftexcmds.sty
Package: pdftexcmds 2019/11/24 v0.31 Utility functions of pdfTeX for LuaTeX (HO
)
(/Users/yufree/Library/TinyTeX/texmf-dist/tex/generic/infwarerr/infwarerr.sty
Package: infwarerr 2019/12/03 v1.5 Providing info/warning/error messages (HO)
)
Package pdftexcmds Info: \pdf@primitive is available.
Package pdftexcmds Info: \pdf@ifprimitive is available.
Package pdftexcmds Info: \pdfdraftmode not found.
) (/Users/yufree/Library/TinyTeX/texmf-dist/tex/latex/graphics/keyval.sty
Package: keyval 2014/10/28 v1.15 key=value parser (DPC)
\KV@toks@=\toks21
) (/Users/yufree/Library/TinyTeX/texmf-dist/tex/generic/kvsetkeys/kvsetkeys.sty
Package: kvsetkeys 2019/12/15 v1.18 Key value parser (HO)
)
(/Users/yufree/Library/TinyTeX/texmf-dist/tex/generic/kvdefinekeys/kvdefinekeys
.sty
Package: kvdefinekeys 2019-12-19 v1.6 Define keys (HO)
) (/Users/yufree/Library/TinyTeX/texmf-dist/tex/generic/pdfescape/pdfescape.sty
Package: pdfescape 2019/12/09 v1.15 Implements pdfTeX's escape features (HO)
) (/Users/yufree/Library/TinyTeX/texmf-dist/tex/latex/hycolor/hycolor.sty
Package: hycolor 2020-01-27 v1.10 Color options for hyperref/bookmark (HO)
)
(/Users/yufree/Library/TinyTeX/texmf-dist/tex/latex/letltxmacro/letltxmacro.sty
Package: letltxmacro 2019/12/03 v1.6 Let assignment for LaTeX macros (HO)
) (/Users/yufree/Library/TinyTeX/texmf-dist/tex/latex/auxhook/auxhook.sty
Package: auxhook 2019-12-17 v1.6 Hooks for auxiliary files (HO)
) (/Users/yufree/Library/TinyTeX/texmf-dist/tex/latex/kvoptions/kvoptions.sty
Package: kvoptions 2019/11/29 v3.13 Key value format for package options (HO)
)
\@linkdim=\dimen147
\Hy@linkcounter=\count271
\Hy@pagecounter=\count272
(/Users/yufree/Library/TinyTeX/texmf-dist/tex/latex/hyperref/pd1enc.def
File: pd1enc.def 2020-05-15 v7.00e Hyperref: PDFDocEncoding definition (HO)
) (/Users/yufree/Library/TinyTeX/texmf-dist/tex/generic/intcalc/intcalc.sty
Package: intcalc 2019/12/15 v1.3 Expandable calculations with integers (HO)
) (/Users/yufree/Library/TinyTeX/texmf-dist/tex/generic/etexcmds/etexcmds.sty
Package: etexcmds 2019/12/15 v1.7 Avoid name clashes with e-TeX commands (HO)
)
\Hy@SavedSpaceFactor=\count273
Package hyperref Info: Option `unicode' set `true' on input line 4338.
(/Users/yufree/Library/TinyTeX/texmf-dist/tex/latex/hyperref/puenc.def
File: puenc.def 2020-05-15 v7.00e Hyperref: PDF Unicode definition (HO)
)
Package hyperref Info: Hyper figures OFF on input line 4464.
Package hyperref Info: Link nesting OFF on input line 4469.
Package hyperref Info: Hyper index ON on input line 4472.
Package hyperref Info: Plain pages OFF on input line 4479.
Package hyperref Info: Backreferencing OFF on input line 4484.
Package hyperref Info: Implicit mode ON; LaTeX internals redefined.
Package hyperref Info: Bookmarks ON on input line 4717.
\c@Hy@tempcnt=\count274
(/Users/yufree/Library/TinyTeX/texmf-dist/tex/latex/url/url.sty
\Urlmuskip=\muskip18
Package: url 2013/09/16  ver 3.4  Verb mode for urls, etc.
)
LaTeX Info: Redefining \url on input line 5076.
\XeTeXLinkMargin=\dimen148
(/Users/yufree/Library/TinyTeX/texmf-dist/tex/generic/bitset/bitset.sty
Package: bitset 2019/12/09 v1.3 Handle bit-vector datatype (HO)

(/Users/yufree/Library/TinyTeX/texmf-dist/tex/generic/bigintcalc/bigintcalc.sty
Package: bigintcalc 2019/12/15 v1.5 Expandable calculations on big integers (HO
)
))
\Fld@menulength=\count275
\Field@Width=\dimen149
\Fld@charsize=\dimen150
Package hyperref Info: Hyper figures OFF on input line 6347.
Package hyperref Info: Link nesting OFF on input line 6352.
Package hyperref Info: Hyper index ON on input line 6355.
Package hyperref Info: backreferencing OFF on input line 6362.
Package hyperref Info: Link coloring OFF on input line 6367.
Package hyperref Info: Link coloring with OCG OFF on input line 6372.
Package hyperref Info: PDF/A mode OFF on input line 6377.
LaTeX Info: Redefining \ref on input line 6417.
LaTeX Info: Redefining \pageref on input line 6421.
(/Users/yufree/Library/TinyTeX/texmf-dist/tex/generic/atbegshi/atbegshi.sty
Package: atbegshi 2019/12/05 v1.19 At begin shipout hook (HO)
)
\Hy@abspage=\count276
\c@Item=\count277
\c@Hfootnote=\count278
)
Package hyperref Info: Driver (autodetected): hxetex.
(/Users/yufree/Library/TinyTeX/texmf-dist/tex/latex/hyperref/hxetex.def
File: hxetex.def 2020-05-15 v7.00e Hyperref driver for XeTeX
(/Users/yufree/Library/TinyTeX/texmf-dist/tex/generic/stringenc/stringenc.sty
Package: stringenc 2019/11/29 v1.12 Convert strings between diff. encodings (HO
)
)
\pdfm@box=\box48
\c@Hy@AnnotLevel=\count279
\HyField@AnnotCount=\count280
\Fld@listcount=\count281
\c@bookmark@seq@number=\count282

(/Users/yufree/Library/TinyTeX/texmf-dist/tex/latex/rerunfilecheck/rerunfileche
ck.sty
Package: rerunfilecheck 2019/12/05 v1.9 Rerun checks for auxiliary files (HO)
(/Users/yufree/Library/TinyTeX/texmf-dist/tex/latex/atveryend/atveryend.sty
Package: atveryend 2019-12-11 v1.11 Hooks at the very end of document (HO)
Package atveryend Info: \enddocument detected (standard20110627).
)
(/Users/yufree/Library/TinyTeX/texmf-dist/tex/generic/uniquecounter/uniquecount
er.sty
Package: uniquecounter 2019/12/15 v1.4 Provide unlimited unique counter (HO)
)
Package uniquecounter Info: New unique counter `rerunfilecheck' on input line 2
86.
)
\Hy@SectionHShift=\skip52
) (/Users/yufree/Library/TinyTeX/texmf-dist/tex/latex/fancyvrb/fancyvrb.sty
Package: fancyvrb 2020/05/03 v3.6 verbatim text (tvz,hv)
\FV@CodeLineNo=\count283
\FV@InFile=\read2
\FV@TabBox=\box49
\c@FancyVerbLine=\count284
\FV@StepNumber=\count285
\FV@OutFile=\write3
) (/Users/yufree/Library/TinyTeX/texmf-dist/tex/latex/framed/framed.sty
Package: framed 2011/10/22 v 0.96: framed or shaded text with page breaks
\OuterFrameSep=\skip53
\fb@frw=\dimen151
\fb@frh=\dimen152
\FrameRule=\dimen153
\FrameSep=\dimen154
) (/Users/yufree/Library/TinyTeX/texmf-dist/tex/latex/tools/longtable.sty
Package: longtable 2020/01/07 v4.13 Multi-page Table package (DPC)
\LTleft=\skip54
\LTright=\skip55
\LTpre=\skip56
\LTpost=\skip57
\LTchunksize=\count286
\LTcapwidth=\dimen155
\LT@head=\box50
\LT@firsthead=\box51
\LT@foot=\box52
\LT@lastfoot=\box53
\LT@cols=\count287
\LT@rows=\count288
\c@LT@tables=\count289
\c@LT@chunks=\count290
\LT@p@ftn=\toks22
) (/Users/yufree/Library/TinyTeX/texmf-dist/tex/latex/booktabs/booktabs.sty
Package: booktabs 2020/01/12 v1.61803398 Publication quality tables
\heavyrulewidth=\dimen156
\lightrulewidth=\dimen157
\cmidrulewidth=\dimen158
\belowrulesep=\dimen159
\belowbottomsep=\dimen160
\aboverulesep=\dimen161
\abovetopsep=\dimen162
\cmidrulesep=\dimen163
\cmidrulekern=\dimen164
\defaultaddspace=\dimen165
\@cmidla=\count291
\@cmidlb=\count292
\@aboverulesep=\dimen166
\@belowrulesep=\dimen167
\@thisruleclass=\count293
\@lastruleclass=\count294
\@thisrulewidth=\dimen168
) (/Users/yufree/Library/TinyTeX/texmf-dist/tex/latex/etoolbox/etoolbox.sty
Package: etoolbox 2019/09/21 v2.5h e-TeX tools for LaTeX (JAW)
\etb@tempcnta=\count295
) (/Users/yufree/Library/TinyTeX/texmf-dist/tex/latex/mdwtools/footnote.sty
Package: footnote 1997/01/28 1.13 Save footnotes around boxes
\fn@notes=\box54
\fn@width=\dimen169
) (/Users/yufree/Library/TinyTeX/texmf-dist/tex/latex/graphics/graphicx.sty
Package: graphicx 2019/11/30 v1.2a Enhanced LaTeX Graphics (DPC,SPQR)
(/Users/yufree/Library/TinyTeX/texmf-dist/tex/latex/graphics/graphics.sty
Package: graphics 2019/11/30 v1.4a Standard LaTeX Graphics (DPC,SPQR)
(/Users/yufree/Library/TinyTeX/texmf-dist/tex/latex/graphics/trig.sty
Package: trig 2016/01/03 v1.10 sin cos tan (DPC)
) (/Users/yufree/Library/TinyTeX/texmf-dist/tex/latex/graphics-cfg/graphics.cfg
File: graphics.cfg 2016/06/04 v1.11 sample graphics configuration
)
Package graphics Info: Driver file: xetex.def on input line 105.
)
\Gin@req@height=\dimen170
\Gin@req@width=\dimen171
) (/Users/yufree/Library/TinyTeX/texmf-dist/tex/latex/grffile/grffile.sty
Package: grffile 2019/11/11 v2.1 Extended file name support for graphics (legac
y)
Package grffile Info: This package is an empty stub for compatibility on input 
line 40.
) (/Users/yufree/Library/TinyTeX/texmf-dist/tex/latex/natbib/natbib.sty
Package: natbib 2010/09/13 8.31b (PWD, AO)
\bibhang=\skip58
\bibsep=\skip59
LaTeX Info: Redefining \cite on input line 694.
\c@NAT@ctr=\count296
)
No file Metabolomics.aux.
\openout1 = `Metabolomics.aux'.

LaTeX Font Info:    Checking defaults for OML/cmm/m/it on input line 118.
LaTeX Font Info:    ... okay on input line 118.
LaTeX Font Info:    Checking defaults for OMS/cmsy/m/n on input line 118.
LaTeX Font Info:    ... okay on input line 118.
LaTeX Font Info:    Checking defaults for OT1/cmr/m/n on input line 118.
LaTeX Font Info:    ... okay on input line 118.
LaTeX Font Info:    Checking defaults for T1/cmr/m/n on input line 118.
LaTeX Font Info:    ... okay on input line 118.
LaTeX Font Info:    Checking defaults for TS1/cmr/m/n on input line 118.
LaTeX Font Info:    ... okay on input line 118.
LaTeX Font Info:    Checking defaults for TU/lmr/m/n on input line 118.
LaTeX Font Info:    ... okay on input line 118.
LaTeX Font Info:    Checking defaults for OMX/cmex/m/n on input line 118.
LaTeX Font Info:    ... okay on input line 118.
LaTeX Font Info:    Checking defaults for U/cmr/m/n on input line 118.
LaTeX Font Info:    ... okay on input line 118.
LaTeX Font Info:    Checking defaults for PD1/pdf/m/n on input line 118.
LaTeX Font Info:    ... okay on input line 118.
LaTeX Font Info:    Checking defaults for PU/pdf/m/n on input line 118.
LaTeX Font Info:    ... okay on input line 118.
LaTeX Font Info:    Overwriting math alphabet `\mathrm' in version `normal'
(Font)                  OT1/lmr/m/n --> TU/lmr/m/n on input line 118.
LaTeX Font Info:    Overwriting math alphabet `\mathit' in version `normal'
(Font)                  OT1/lmr/m/it --> TU/lmr/m/it on input line 118.
LaTeX Font Info:    Overwriting math alphabet `\mathbf' in version `normal'
(Font)                  OT1/lmr/bx/n --> TU/lmr/bx/n on input line 118.
LaTeX Font Info:    Overwriting math alphabet `\mathsf' in version `normal'
(Font)                  OT1/lmss/m/n --> TU/lmss/m/n on input line 118.
LaTeX Font Info:    Overwriting math alphabet `\mathsf' in version `bold'
(Font)                  OT1/lmss/bx/n --> TU/lmss/bx/n on input line 118.
LaTeX Font Info:    Overwriting math alphabet `\mathtt' in version `normal'
(Font)                  OT1/lmtt/m/n --> TU/lmtt/m/n on input line 118.
LaTeX Font Info:    Overwriting math alphabet `\mathtt' in version `bold'
(Font)                  OT1/lmtt/m/n --> TU/lmtt/bx/n on input line 118.

Package fontspec Info: latinmodern-math scale = 0.9999964596882403.


Package fontspec Info: latinmodern-math scale = 0.9999964596882403.


Package fontspec Info: latinmodern-math scale = 0.9999964596882403.


Package fontspec Info: Font family 'latinmodern-math.otf(0)' created for font
(fontspec)             'latinmodern-math.otf' with options
(fontspec)             [Scale=MatchLowercase,BoldItalicFont={},ItalicFont={},Sm
allCapsFont={},Script=Math,BoldFont={latinmodern-math.otf}].
(fontspec)              
(fontspec)              This font family consists of the following NFSS
(fontspec)             series/shapes:
(fontspec)              
(fontspec)             - 'normal' (m/n) with NFSS spec.:
(fontspec)             <->s*[0.9999964596882403]"[latinmodern-math.otf]/OT:scri
pt=math;language=dflt;"
(fontspec)             - 'small caps'  (m/sc) with NFSS spec.: 
(fontspec)             - 'bold' (b/n) with NFSS spec.:
(fontspec)             <->s*[0.9999964596882403]"[latinmodern-math.otf]/OT:scri
pt=math;language=dflt;"
(fontspec)             - 'bold small caps'  (b/sc) with NFSS spec.: 

LaTeX Font Info:    Font shape `TU/latinmodern-math.otf(0)/m/n' will be
(Font)              scaled to size 10.0pt on input line 118.

Package fontspec Info: latinmodern-math scale = 0.9999964596882403.


Package fontspec Info: latinmodern-math scale = 0.9999964596882403.


Package fontspec Info: latinmodern-math scale = 0.9999964596882403.


Package fontspec Info: latinmodern-math scale = 0.9999964596882403.


Package fontspec Info: latinmodern-math scale = 0.9999964596882403.


Package fontspec Info: Font family 'latinmodern-math.otf(1)' created for font
(fontspec)             'latinmodern-math.otf' with options
(fontspec)             [Scale=MatchLowercase,BoldItalicFont={},ItalicFont={},Sm
allCapsFont={},Script=Math,SizeFeatures={{Size=8.5-},{Size=6-8.5,Font=latinmode
rn-math.otf,Style=MathScript},{Size=-6,Font=latinmodern-math.otf,Style=MathScri
ptScript}},BoldFont={latinmodern-math.otf}].
(fontspec)              
(fontspec)              This font family consists of the following NFSS
(fontspec)             series/shapes:
(fontspec)              
(fontspec)             - 'normal' (m/n) with NFSS spec.:
(fontspec)             <8.5->s*[0.9999964596882403]"[latinmodern-math.otf]/OT:s
cript=math;language=dflt;"<6-8.5>s*[0.9999964596882403]"[latinmodern-math.otf]/
OT:script=math;language=dflt;+ssty=0;"<-6>s*[0.9999964596882403]"[latinmodern-m
ath.otf]/OT:script=math;language=dflt;+ssty=1;"
(fontspec)             - 'small caps'  (m/sc) with NFSS spec.: 
(fontspec)             - 'bold' (b/n) with NFSS spec.:
(fontspec)             <->s*[0.9999964596882403]"[latinmodern-math.otf]/OT:scri
pt=math;language=dflt;"
(fontspec)             - 'bold small caps'  (b/sc) with NFSS spec.: 

LaTeX Font Info:    Font shape `TU/latinmodern-math.otf(1)/m/n' will be
(Font)              scaled to size 10.0pt on input line 118.
LaTeX Font Info:    Encoding `OT1' has changed to `TU' for symbol font
(Font)              `operators' in the math version `normal' on input line 118.

LaTeX Font Info:    Overwriting symbol font `operators' in version `normal'
(Font)                  OT1/lmr/m/n --> TU/latinmodern-math.otf(1)/m/n on input
 line 118.
LaTeX Font Info:    Encoding `OT1' has changed to `TU' for symbol font
(Font)              `operators' in the math version `bold' on input line 118.
LaTeX Font Info:    Overwriting symbol font `operators' in version `bold'
(Font)                  OT1/lmr/bx/n --> TU/latinmodern-math.otf(1)/b/n on inpu
t line 118.

Package fontspec Info: latinmodern-math scale = 0.9999964596882403.


Package fontspec Info: latinmodern-math scale = 1.000096459334209.


Package fontspec Info: latinmodern-math scale = 0.9999964596882403.


Package fontspec Info: latinmodern-math scale = 1.000096459334209.


Package fontspec Info: latinmodern-math scale = 0.9999964596882403.


Package fontspec Info: latinmodern-math scale = 1.000096459334209.


Package fontspec Info: latinmodern-math scale = 0.9999964596882403.


Package fontspec Info: latinmodern-math scale = 1.000096459334209.


Package fontspec Info: latinmodern-math scale = 0.9999964596882403.


Package fontspec Info: latinmodern-math scale = 1.000096459334209.


Package fontspec Info: Font family 'latinmodern-math.otf(2)' created for font
(fontspec)             'latinmodern-math.otf' with options
(fontspec)             [Scale=MatchLowercase,BoldItalicFont={},ItalicFont={},Sm
allCapsFont={},Script=Math,SizeFeatures={{Size=8.5-},{Size=6-8.5,Font=latinmode
rn-math.otf,Style=MathScript},{Size=-6,Font=latinmodern-math.otf,Style=MathScri
ptScript}},BoldFont={latinmodern-math.otf},ScaleAgain=1.0001,FontAdjustment={\f
ontdimen
(fontspec)             8\font =6.77pt\relax \fontdimen 9\font =3.94pt\relax
(fontspec)             \fontdimen 10\font =4.44pt\relax \fontdimen 11\font
(fontspec)             =6.86pt\relax \fontdimen 12\font =3.45pt\relax
(fontspec)             \fontdimen 13\font =3.63pt\relax \fontdimen 14\font
(fontspec)             =3.63pt\relax \fontdimen 15\font =2.89pt\relax
(fontspec)             \fontdimen 16\font =2.47pt\relax \fontdimen 17\font
(fontspec)             =2.47pt\relax \fontdimen 18\font =2.5pt\relax
(fontspec)             \fontdimen 19\font =2.0pt\relax \fontdimen 22\font
(fontspec)             =2.5pt\relax \fontdimen 20\font =0pt\relax \fontdimen
(fontspec)             21\font =0pt\relax }].
(fontspec)              
(fontspec)              This font family consists of the following NFSS
(fontspec)             series/shapes:
(fontspec)              
(fontspec)             - 'normal' (m/n) with NFSS spec.:
(fontspec)             <8.5->s*[1.000096459334209]"[latinmodern-math.otf]/OT:sc
ript=math;language=dflt;"<6-8.5>s*[1.000096459334209]"[latinmodern-math.otf]/OT
:script=math;language=dflt;+ssty=0;"<-6>s*[1.000096459334209]"[latinmodern-math
.otf]/OT:script=math;language=dflt;+ssty=1;"
(fontspec)             - 'small caps'  (m/sc) with NFSS spec.: 
(fontspec)             and font adjustment code:
(fontspec)             \fontdimen 8\font =6.77pt\relax \fontdimen 9\font
(fontspec)             =3.94pt\relax \fontdimen 10\font =4.44pt\relax
(fontspec)             \fontdimen 11\font =6.86pt\relax \fontdimen 12\font
(fontspec)             =3.45pt\relax \fontdimen 13\font =3.63pt\relax
(fontspec)             \fontdimen 14\font =3.63pt\relax \fontdimen 15\font
(fontspec)             =2.89pt\relax \fontdimen 16\font =2.47pt\relax
(fontspec)             \fontdimen 17\font =2.47pt\relax \fontdimen 18\font
(fontspec)             =2.5pt\relax \fontdimen 19\font =2.0pt\relax \fontdimen
(fontspec)             22\font =2.5pt\relax \fontdimen 20\font =0pt\relax
(fontspec)             \fontdimen 21\font =0pt\relax 
(fontspec)             - 'bold' (b/n) with NFSS spec.:
(fontspec)             <->s*[1.000096459334209]"[latinmodern-math.otf]/OT:scrip
t=math;language=dflt;"
(fontspec)             - 'bold small caps'  (b/sc) with NFSS spec.: 
(fontspec)             and font adjustment code:
(fontspec)             \fontdimen 8\font =6.77pt\relax \fontdimen 9\font
(fontspec)             =3.94pt\relax \fontdimen 10\font =4.44pt\relax
(fontspec)             \fontdimen 11\font =6.86pt\relax \fontdimen 12\font
(fontspec)             =3.45pt\relax \fontdimen 13\font =3.63pt\relax
(fontspec)             \fontdimen 14\font =3.63pt\relax \fontdimen 15\font
(fontspec)             =2.89pt\relax \fontdimen 16\font =2.47pt\relax
(fontspec)             \fontdimen 17\font =2.47pt\relax \fontdimen 18\font
(fontspec)             =2.5pt\relax \fontdimen 19\font =2.0pt\relax \fontdimen
(fontspec)             22\font =2.5pt\relax \fontdimen 20\font =0pt\relax
(fontspec)             \fontdimen 21\font =0pt\relax 

LaTeX Font Info:    Encoding `OMS' has changed to `TU' for symbol font
(Font)              `symbols' in the math version `normal' on input line 118.
LaTeX Font Info:    Overwriting symbol font `symbols' in version `normal'
(Font)                  OMS/lmsy/m/n --> TU/latinmodern-math.otf(2)/m/n on inpu
t line 118.
LaTeX Font Info:    Encoding `OMS' has changed to `TU' for symbol font
(Font)              `symbols' in the math version `bold' on input line 118.
LaTeX Font Info:    Overwriting symbol font `symbols' in version `bold'
(Font)                  OMS/lmsy/b/n --> TU/latinmodern-math.otf(2)/b/n on inpu
t line 118.

Package fontspec Info: latinmodern-math scale = 0.9999964596882403.


Package fontspec Info: latinmodern-math scale = 0.9998964600422715.


Package fontspec Info: latinmodern-math scale = 0.9999964596882403.


Package fontspec Info: latinmodern-math scale = 0.9998964600422715.


Package fontspec Info: latinmodern-math scale = 0.9999964596882403.


Package fontspec Info: latinmodern-math scale = 0.9998964600422715.


Package fontspec Info: latinmodern-math scale = 0.9999964596882403.


Package fontspec Info: latinmodern-math scale = 0.9998964600422715.


Package fontspec Info: latinmodern-math scale = 0.9999964596882403.


Package fontspec Info: latinmodern-math scale = 0.9998964600422715.


Package fontspec Info: Font family 'latinmodern-math.otf(3)' created for font
(fontspec)             'latinmodern-math.otf' with options
(fontspec)             [Scale=MatchLowercase,BoldItalicFont={},ItalicFont={},Sm
allCapsFont={},Script=Math,SizeFeatures={{Size=8.5-},{Size=6-8.5,Font=latinmode
rn-math.otf,Style=MathScript},{Size=-6,Font=latinmodern-math.otf,Style=MathScri
ptScript}},BoldFont={latinmodern-math.otf},ScaleAgain=0.9999,FontAdjustment={\f
ontdimen
(fontspec)             8\font =0.4pt\relax \fontdimen 9\font =2.0pt\relax
(fontspec)             \fontdimen 10\font =1.67pt\relax \fontdimen 11\font
(fontspec)             =1.11pt\relax \fontdimen 12\font =6.0pt\relax
(fontspec)             \fontdimen 13\font =0pt\relax }].
(fontspec)              
(fontspec)              This font family consists of the following NFSS
(fontspec)             series/shapes:
(fontspec)              
(fontspec)             - 'normal' (m/n) with NFSS spec.:
(fontspec)             <8.5->s*[0.9998964600422715]"[latinmodern-math.otf]/OT:s
cript=math;language=dflt;"<6-8.5>s*[0.9998964600422715]"[latinmodern-math.otf]/
OT:script=math;language=dflt;+ssty=0;"<-6>s*[0.9998964600422715]"[latinmodern-m
ath.otf]/OT:script=math;language=dflt;+ssty=1;"
(fontspec)             - 'small caps'  (m/sc) with NFSS spec.: 
(fontspec)             and font adjustment code:
(fontspec)             \fontdimen 8\font =0.4pt\relax \fontdimen 9\font
(fontspec)             =2.0pt\relax \fontdimen 10\font =1.67pt\relax
(fontspec)             \fontdimen 11\font =1.11pt\relax \fontdimen 12\font
(fontspec)             =6.0pt\relax \fontdimen 13\font =0pt\relax 
(fontspec)             - 'bold' (b/n) with NFSS spec.:
(fontspec)             <->s*[0.9998964600422715]"[latinmodern-math.otf]/OT:scri
pt=math;language=dflt;"
(fontspec)             - 'bold small caps'  (b/sc) with NFSS spec.: 
(fontspec)             and font adjustment code:
(fontspec)             \fontdimen 8\font =0.4pt\relax \fontdimen 9\font
(fontspec)             =2.0pt\relax \fontdimen 10\font =1.67pt\relax
(fontspec)             \fontdimen 11\font =1.11pt\relax \fontdimen 12\font
(fontspec)             =6.0pt\relax \fontdimen 13\font =0pt\relax 

LaTeX Font Info:    Encoding `OMX' has changed to `TU' for symbol font
(Font)              `largesymbols' in the math version `normal' on input line 1
18.
LaTeX Font Info:    Overwriting symbol font `largesymbols' in version `normal'
(Font)                  OMX/lmex/m/n --> TU/latinmodern-math.otf(3)/m/n on inpu
t line 118.
LaTeX Font Info:    Encoding `OMX' has changed to `TU' for symbol font
(Font)              `largesymbols' in the math version `bold' on input line 118
.
LaTeX Font Info:    Overwriting symbol font `largesymbols' in version `bold'
(Font)                  OMX/lmex/m/n --> TU/latinmodern-math.otf(3)/b/n on inpu
t line 118.
\AtBeginShipoutBox=\box55
Package hyperref Info: Link coloring OFF on input line 118.
(/Users/yufree/Library/TinyTeX/texmf-dist/tex/latex/hyperref/nameref.sty
Package: nameref 2019/09/16 v2.46 Cross-referencing by name of section
(/Users/yufree/Library/TinyTeX/texmf-dist/tex/latex/refcount/refcount.sty
Package: refcount 2019/12/15 v3.6 Data extraction from label references (HO)
)
(/Users/yufree/Library/TinyTeX/texmf-dist/tex/generic/gettitlestring/gettitlest
ring.sty
Package: gettitlestring 2019/12/15 v1.6 Cleanup title references (HO)
)
\c@section@level=\count297
)
LaTeX Info: Redefining \ref on input line 118.
LaTeX Info: Redefining \pageref on input line 118.
LaTeX Info: Redefining \nameref on input line 118.
\@outlinefile=\write4
\openout4 = `Metabolomics.out'.


Package hyperref Warning: Rerun to get /PageLabels entry.

LaTeX Font Info:    Font shape `TU/latinmodern-math.otf(1)/m/n' will be
(Font)              scaled to size 12.0pt on input line 120.
LaTeX Font Info:    Font shape `TU/latinmodern-math.otf(1)/m/n' will be
(Font)              scaled to size 8.0pt on input line 120.
LaTeX Font Info:    Font shape `TU/latinmodern-math.otf(1)/m/n' will be
(Font)              scaled to size 6.0pt on input line 120.
LaTeX Font Info:    Trying to load font information for OML+lmm on input line 1
20.
(/Users/yufree/Library/TinyTeX/texmf-dist/tex/latex/lm/omllmm.fd
File: omllmm.fd 2009/10/30 v1.6 Font defs for Latin Modern
)
LaTeX Font Info:    Font shape `TU/latinmodern-math.otf(2)/m/n' will be
(Font)              scaled to size 12.0011pt on input line 120.
LaTeX Font Info:    Font shape `TU/latinmodern-math.otf(2)/m/n' will be
(Font)              scaled to size 8.00073pt on input line 120.
LaTeX Font Info:    Font shape `TU/latinmodern-math.otf(2)/m/n' will be
(Font)              scaled to size 6.00055pt on input line 120.
LaTeX Font Info:    Font shape `TU/latinmodern-math.otf(3)/m/n' will be
(Font)              scaled to size 11.99872pt on input line 120.
LaTeX Font Info:    Font shape `TU/latinmodern-math.otf(3)/m/n' will be
(Font)              scaled to size 7.99915pt on input line 120.
LaTeX Font Info:    Font shape `TU/latinmodern-math.otf(3)/m/n' will be
(Font)              scaled to size 5.99936pt on input line 120.
LaTeX Font Info:    Trying to load font information for U+msa on input line 120
.
(/Users/yufree/Library/TinyTeX/texmf-dist/tex/latex/amsfonts/umsa.fd
File: umsa.fd 2013/01/14 v3.01 AMS symbols A
)
LaTeX Font Info:    Trying to load font information for U+msb on input line 120
.
(/Users/yufree/Library/TinyTeX/texmf-dist/tex/latex/amsfonts/umsb.fd
File: umsb.fd 2013/01/14 v3.01 AMS symbols B
) [1


] [2

]
\tf@toc=\write5
\openout5 = `Metabolomics.toc'.

[3] [4

] [5] [6

]
Chapter 1.

Package natbib Warning: Citation `b.dunn2011' on page 7 undefined on input line
 158.

File: images/metaintro.png Graphic file (type bmp)
<images/metaintro.png>

Package natbib Warning: Citation `theodoridis2012' on page 7 undefined on input
 line 164.


Package natbib Warning: Citation `tian2016' on page 7 undefined on input line 1
64.


Package natbib Warning: Citation `gika2014' on page 7 undefined on input line 1
64.


Package natbib Warning: Citation `begou2017' on page 7 undefined on input line 
164.


Package natbib Warning: Citation `zhang2012a' on page 7 undefined on input line
 164.


Package natbib Warning: Citation `b.dunn2011' on page 7 undefined on input line
 164.


Underfull \vbox (badness 1931) has occurred while \output is active []

[7]
File: images/mshistory.jpg Graphic file (type bmp)
<images/mshistory.jpg>

Package natbib Warning: Citation `kusonmano2016' on page 8 undefined on input l
ine 208.

File: images/metahistory.jpg Graphic file (type bmp)
<images/metahistory.jpg>
[8] [9]

Package natbib Warning: Citation `madsen2010' on page 10 undefined on input lin
e 238.

[10]

Package natbib Warning: Citation `barnes2016a' on page 11 undefined on input li
ne 248.


Package natbib Warning: Citation `cajka2016' on page 11 undefined on input line
 248.


Package natbib Warning: Citation `lu2008' on page 11 undefined on input line 24
8.


Package natbib Warning: Citation `fiehn2002' on page 11 undefined on input line
 248.


Package natbib Warning: Citation `begou2017' on page 11 undefined on input line
 248.


Package natbib Warning: Citation `zhou2016' on page 11 undefined on input line 
248.


Package natbib Warning: Citation `lu2008a' on page 11 undefined on input line 2
48.


Package natbib Warning: Citation `weljie2006' on page 11 undefined on input lin
e 248.


Package natbib Warning: Citation `yuan2012' on page 11 undefined on input line 
248.


Package natbib Warning: Citation `griffiths2010' on page 11 undefined on input 
line 248.


Package natbib Warning: Citation `barnes2016' on page 11 undefined on input lin
e 253.


Package natbib Warning: Citation `alonso2015' on page 11 undefined on input lin
e 253.


Package natbib Warning: Citation `kusonmano2016' on page 11 undefined on input 
line 253.


Package natbib Warning: Citation `madsen2010' on page 11 undefined on input lin
e 253.


Package natbib Warning: Citation `uppal2016' on page 11 undefined on input line
 253.


Package natbib Warning: Citation `gromski2015' on page 11 undefined on input li
ne 253.


Package natbib Warning: Citation `domingo-almenara2018' on page 11 undefined on
 input line 257.


Package natbib Warning: Citation `vinaixa2016' on page 11 undefined on input li
ne 259.


Package natbib Warning: Citation `misra2016' on page 11 undefined on input line
 261.


Package natbib Warning: Citation `misra2017' on page 11 undefined on input line
 261.


Package natbib Warning: Citation `misra2018' on page 11 undefined on input line
 261.


Package natbib Warning: Citation `spicer2017' on page 11 undefined on input lin
e 263.


Package natbib Warning: Citation `bilbao2015' on page 11 undefined on input lin
e 265.


Package natbib Warning: Citation `fenaille2017' on page 11 undefined on input l
ine 265.


Package natbib Warning: Citation `bundy2009' on page 11 undefined on input line
 288.


Package natbib Warning: Citation `warth2017' on page 11 undefined on input line
 288.


Package natbib Warning: Citation `castro-puyana2017' on page 11 undefined on in
put line 290.


Package natbib Warning: Citation `goldansaz2017' on page 11 undefined on input 
line 290.


Package natbib Warning: Citation `allam-ndoul2016' on page 11 undefined on inpu
t line 290.


Package natbib Warning: Citation `jones2012' on page 11 undefined on input line
 290.


Package natbib Warning: Citation `spratlin2009' on page 11 undefined on input l
ine 292.


Package natbib Warning: Citation `tumas2016' on page 11 undefined on input line
 292.


Package natbib Warning: Citation `tan2016' on page 11 undefined on input line 2
92.


Package natbib Warning: Citation `cheng2017' on page 11 undefined on input line
 292.


Package natbib Warning: Citation `hocher2017' on page 11 undefined on input lin
e 292.


Package natbib Warning: Citation `kennedy2018' on page 11 undefined on input li
ne 292.

[11]

Package natbib Warning: Citation `wishart2016' on page 12 undefined on input li
ne 294.


Package natbib Warning: Citation `jorge2016a' on page 12 undefined on input lin
e 296.


Package natbib Warning: Citation `sumner2003' on page 12 undefined on input lin
e 296.


Package natbib Warning: Citation `kapoore2016b' on page 12 undefined on input l
ine 296.


Package natbib Warning: Citation `gonzalez-riano2016' on page 12 undefined on i
nput line 296.


Package natbib Warning: Citation `smirnov2016' on page 12 undefined on input li
ne 296.


Package natbib Warning: Citation `fessenden2016' on page 12 undefined on input 
line 298.


Package natbib Warning: Citation `zenobi2013' on page 12 undefined on input lin
e 298.


Package natbib Warning: Citation `zampieri2017' on page 12 undefined on input l
ine 306.


Package natbib Warning: Citation `kapoore2016b' on page 12 undefined on input l
ine 311.


Package natbib Warning: Citation `jorge2016a' on page 12 undefined on input lin
e 311.


Package natbib Warning: Citation `dudzik2018' on page 12 undefined on input lin
e 313.


Package natbib Warning: Citation `siskos2017' on page 12 undefined on input lin
e 313.

LaTeX Font Info:    Font shape `TU/lmtt/bx/n' in size <10> not available
(Font)              Font shape `TU/lmtt/b/n' tried instead on input line 321.
File: Metabolomics_files/figure-latex/gtrends-1.pdf Graphic file (type pdf)
<use Metabolomics_files/figure-latex/gtrends-1.pdf>

Underfull \vbox (badness 2150) has occurred while \output is active []

[12]
File: Metabolomics_files/figure-latex/rentrez-1.pdf Graphic file (type pdf)
<use Metabolomics_files/figure-latex/rentrez-1.pdf>

Underfull \vbox (badness 10000) has occurred while \output is active []

[13] [14]
Chapter 2.

Package natbib Warning: Citation `jang2018' on page 15 undefined on input line 
363.


Underfull \vbox (badness 3049) has occurred while \output is active []

[15

] [16]

Package natbib Warning: Citation `oberg2009' on page 17 undefined on input line
 422.

LaTeX Font Info:    Font shape `TU/latinmodern-math.otf(1)/m/n' will be
(Font)              scaled to size 7.0pt on input line 422.
LaTeX Font Info:    Font shape `TU/latinmodern-math.otf(1)/m/n' will be
(Font)              scaled to size 5.0pt on input line 422.
LaTeX Font Info:    Font shape `TU/latinmodern-math.otf(2)/m/n' will be
(Font)              scaled to size 10.00092pt on input line 422.
LaTeX Font Info:    Font shape `TU/latinmodern-math.otf(2)/m/n' will be
(Font)              scaled to size 7.00064pt on input line 422.
LaTeX Font Info:    Font shape `TU/latinmodern-math.otf(2)/m/n' will be
(Font)              scaled to size 5.00046pt on input line 422.
LaTeX Font Info:    Font shape `TU/latinmodern-math.otf(3)/m/n' will be
(Font)              scaled to size 9.99893pt on input line 422.
LaTeX Font Info:    Font shape `TU/latinmodern-math.otf(3)/m/n' will be
(Font)              scaled to size 6.99925pt on input line 422.
LaTeX Font Info:    Font shape `TU/latinmodern-math.otf(3)/m/n' will be
(Font)              scaled to size 4.99947pt on input line 422.

Package natbib Warning: Citation `benjamini1995' on page 17 undefined on input 
line 422.


Package natbib Warning: Citation `blaise2016a' on page 17 undefined on input li
ne 428.


Package natbib Warning: Citation `najdekr2016' on page 17 undefined on input li
ne 434.

[17] [18]
Chapter 3.

Package natbib Warning: Citation `lu2017' on page 19 undefined on input line 46
1.


Package natbib Warning: Citation `kim2020' on page 19 undefined on input line 4
67.

[19

]

Package natbib Warning: Citation `bennett2009' on page 20 undefined on input li
ne 476.


Package natbib Warning: Citation `sitnikov2016' on page 20 undefined on input l
ine 482.


Package natbib Warning: Citation `lu2017' on page 20 undefined on input line 48
8.


Package natbib Warning: Citation `luo2017a' on page 20 undefined on input line 
494.


Package natbib Warning: Citation `mahmud2017' on page 20 undefined on input lin
e 496.


Package natbib Warning: Citation `miyagawa2019' on page 20 undefined on input l
ine 501.

[20] [21] [22

]
Chapter 4.
[23]

Package natbib Warning: Citation `dunn2012' on page 24 undefined on input line 
523.


Package natbib Warning: Citation `broadhurst2018' on page 24 undefined on input
 line 523.


Package natbib Warning: Citation `najdekr2016' on page 24 undefined on input li
ne 528.


Package natbib Warning: Citation `barbiersainthilaire2018' on page 24 undefined
 on input line 528.

[24]
Chapter 5.

Package natbib Warning: Citation `yang2019b' on page 25 undefined on input line
 542.


Package natbib Warning: Citation `rusconi2019' on page 25 undefined on input li
ne 547.

File: images/singledata.png Graphic file (type bmp)
<images/singledata.png>
[25

]
File: Metabolomics_files/figure-latex/demoeic-1.pdf Graphic file (type pdf)
<use Metabolomics_files/figure-latex/demoeic-1.pdf>

Package natbib Warning: Citation `smith2006' on page 26 undefined on input line
 576.

File: images/matchedfilter.jpg Graphic file (type bmp)
<images/matchedfilter.jpg>

Package natbib Warning: Citation `tautenhahn2008' on page 26 undefined on input
 line 583.


Underfull \vbox (badness 10000) has occurred while \output is active []

[26] [27]

Package natbib Warning: Citation `fu2017' on page 28 undefined on input line 59
0.

File: images/peakfiling.png Graphic file (type bmp)
<images/peakfiling.png>
File: images/multidata.png Graphic file (type bmp)
<images/multidata.png>

Package natbib Warning: Citation `du2013' on page 28 undefined on input line 61
0.


Package natbib Warning: Citation `domingo-almenara2016' on page 28 undefined on
 input line 610.


Package natbib Warning: Citation `ni2016' on page 28 undefined on input line 61
0.

[28] [29]
Underfull \hbox (badness 1371) in paragraph at lines 622--623
\TU/lmr/m/n/10 1, mean/median across the data( \TU/lmtt/m/n/10 enviGCMS \TU/lmr
/m/n/10 package could do this via
 []

[30]

Package natbib Warning: Citation `hites2019' on page 31 undefined on input line
 663.


Package natbib Warning: Citation `lisec2016' on page 31 undefined on input line
 668.


Package natbib Warning: Citation `chambers2012' on page 31 undefined on input l
ine 688.


Package natbib Warning: Citation `smith2006' on page 31 undefined on input line
 690.


Package natbib Warning: Citation `yu2009' on page 31 undefined on input line 69
2.


Package natbib Warning: Citation `huang2014' on page 31 undefined on input line
 694.

[31]

Package natbib Warning: Citation `kew2017' on page 32 undefined on input line 6
96.


Package natbib Warning: Citation `pluskal2010' on page 32 undefined on input li
ne 698.


Package natbib Warning: Citation `tsugawa2015' on page 32 undefined on input li
ne 700.


Package natbib Warning: Citation `rost2016' on page 32 undefined on input line 
702.


Package natbib Warning: Citation `scheltema2011' on page 32 undefined on input 
line 704.


Package natbib Warning: Citation `creek2012' on page 32 undefined on input line
 704.


Package natbib Warning: Citation `chang2016' on page 32 undefined on input line
 706.


Package natbib Warning: Citation `melamud2010' on page 32 undefined on input li
ne 708.


Package natbib Warning: Citation `tsugawa2015' on page 32 undefined on input li
ne 716.


Package natbib Warning: Citation `nikolskiy2013' on page 32 undefined on input 
line 718.


Package natbib Warning: Citation `lawson2017' on page 32 undefined on input lin
e 720.


Underfull \hbox (badness 1253) in paragraph at lines 720--722
[][]\TU/lmr/m/n/10 msPurity[] Automated Evaluation of Precursor Ion Purity for 
Mass
 []


Package natbib Warning: Citation `samanipour2018' on page 32 undefined on input
 line 722.


Underfull \hbox (badness 1728) in paragraph at lines 722--723
[][]\TU/lmr/m/n/10 ULSA[] Deconvolution algorithm and a universal library searc
h al-
 []


Package natbib Warning: Citation `libiseller2015' on page 32 undefined on input
 line 730.


Package natbib Warning: Citation `mahieu2016' on page 32 undefined on input lin
e 732.


Package natbib Warning: Citation `uppal2013' on page 32 undefined on input line
 734.


Package natbib Warning: Citation `defelice2017' on page 32 undefined on input l
ine 736.

[32] [33] [34

]
Chapter 6.
File: Metabolomics_files/figure-latex/unnamed-chunk-8-1.pdf Graphic file (type 
pdf)
<use Metabolomics_files/figure-latex/unnamed-chunk-8-1.pdf>
File: Metabolomics_files/figure-latex/unnamed-chunk-9-1.pdf Graphic file (type 
pdf)
<use Metabolomics_files/figure-latex/unnamed-chunk-9-1.pdf>

Underfull \vbox (badness 1924) has occurred while \output is active []

[35]
File: Metabolomics_files/figure-latex/unnamed-chunk-10-1.pdf Graphic file (type
 pdf)
<use Metabolomics_files/figure-latex/unnamed-chunk-10-1.pdf>
File: Metabolomics_files/figure-latex/bem-1.pdf Graphic file (type pdf)
<use Metabolomics_files/figure-latex/bem-1.pdf>
[36] [37]

Package natbib Warning: Citation `wu2016' on page 38 undefined on input line 90
0.


Package natbib Warning: Citation `li2017a' on page 38 undefined on input line 9
00.


Package natbib Warning: Citation `franceschi2012' on page 38 undefined on input
 line 900.


Package natbib Warning: Citation `delivera2012' on page 38 undefined on input l
ine 902.


Package natbib Warning: Citation `thonusin2017' on page 38 undefined on input l
ine 904.

[38] [39]
File: Metabolomics_files/figure-latex/quantile-1.pdf Graphic file (type pdf)
<use Metabolomics_files/figure-latex/quantile-1.pdf>

Underfull \vbox (badness 1394) has occurred while \output is active []

[40]
File: Metabolomics_files/figure-latex/ratio-1.pdf Graphic file (type pdf)
<use Metabolomics_files/figure-latex/ratio-1.pdf>
[41]
File: Metabolomics_files/figure-latex/ratio-2.pdf Graphic file (type pdf)
<use Metabolomics_files/figure-latex/ratio-2.pdf>

Underfull \vbox (badness 10000) has occurred while \output is active []

[42]
File: Metabolomics_files/figure-latex/Linear-1.pdf Graphic file (type pdf)
<use Metabolomics_files/figure-latex/Linear-1.pdf>
File: Metabolomics_files/figure-latex/Linear-2.pdf Graphic file (type pdf)
<use Metabolomics_files/figure-latex/Linear-2.pdf>

Underfull \vbox (badness 10000) has occurred while \output is active []

[43]

Package natbib Warning: Citation `van_der_kloet2009' on page 44 undefined on in
put line 1061.


Package natbib Warning: Citation `kuligowski2015' on page 44 undefined on input
 line 1061.


Package natbib Warning: Citation `wang2013' on page 44 undefined on input line 
1074.

[44] [45] [46]

Package natbib Warning: Citation `leek2012' on page 47 undefined on input line 
1175.


Package natbib Warning: Citation `leek2007' on page 47 undefined on input line 
1175.


Package natbib Warning: Citation `leek2008' on page 47 undefined on input line 
1175.


Package natbib Warning: Citation `karpievitch2014a' on page 47 undefined on inp
ut line 1175.


Package natbib Warning: Citation `livera2015' on page 47 undefined on input lin
e 1180.


Package natbib Warning: Citation `jr2017' on page 47 undefined on input line 11
85.

[47] [48]
Chapter 7.

Package natbib Warning: Citation `domingo-almenara2018' on page 49 undefined on
 input line 1207.

[49

]

Package natbib Warning: Citation `hufsky2014' on page 50 undefined on input lin
e 1229.


Package natbib Warning: Citation `sumner2007' on page 50 undefined on input lin
e 1259.


Package natbib Warning: Citation `viant2017' on page 50 undefined on input line
 1259.

[50]

Package natbib Warning: Citation `wang2016b' on page 51 undefined on input line
 1300.


Package natbib Warning: Citation `guijas2018' on page 51 undefined on input lin
e 1304.


Package natbib Warning: Citation `petrov2020' on page 51 undefined on input lin
e 1326.

[51]

Package natbib Warning: Citation `kuhl2012' on page 52 undefined on input line 
1371.


Package natbib Warning: Citation `broeckling2014' on page 52 undefined on input
 line 1376.

[52]

Package natbib Warning: Citation `yu2018' on page 53 undefined on input line 13
87.


Package natbib Warning: Citation `uppal2017' on page 53 undefined on input line
 1397.


Package natbib Warning: Citation `allen2014' on page 53 undefined on input line
 1402.


Underfull \hbox (badness 1924) in paragraph at lines 1412--1413
\TU/lmr/m/n/10 This []package[] is for annotate and interpret deconvoluted mass
 spectra
 []


Package natbib Warning: Citation `bonini2020' on page 53 undefined on input lin
e 1422.

[53]

Package natbib Warning: Citation `kachman2020' on page 54 undefined on input li
ne 1427.


Package natbib Warning: Citation `mahieu2016a' on page 54 undefined on input li
ne 1447.


Package natbib Warning: Citation `fernandez-albert2014a' on page 54 undefined o
n input line 1452.


Package natbib Warning: Citation `silva2014' on page 54 undefined on input line
 1457.


Package natbib Warning: Citation `baran2013' on page 54 undefined on input line
 1462.


Package natbib Warning: Citation `duhrkop2015' on page 54 undefined on input li
ne 1467.

[54]

Package natbib Warning: Citation `weber2010' on page 55 undefined on input line
 1472.


Package natbib Warning: Citation `qiu2016' on page 55 undefined on input line 1
477.


Package natbib Warning: Citation `treutler2016' on page 55 undefined on input l
ine 1482.


Package natbib Warning: Citation `koelmel2017' on page 55 undefined on input li
ne 1487.


Package natbib Warning: Citation `menikarachchi2012' on page 55 undefined on in
put line 1492.


Package natbib Warning: Citation `gerlich2013' on page 55 undefined on input li
ne 1497.


Package natbib Warning: Citation `aguilar-mogas2017' on page 55 undefined on in
put line 1502.


Package natbib Warning: Citation `basu2017' on page 55 undefined on input line 
1507.

[55]

Package natbib Warning: Citation `ruttkies2016' on page 56 undefined on input l
ine 1512.


Package natbib Warning: Citation `witting2017' on page 56 undefined on input li
ne 1517.


Package natbib Warning: Citation `li2013a' on page 56 undefined on input line 1
522.


Package natbib Warning: Citation `qiu2018' on page 56 undefined on input line 1
532.


Package natbib Warning: Citation `nikolskiy2013' on page 56 undefined on input 
line 1539.


Package natbib Warning: Citation `tsugawa2015' on page 56 undefined on input li
ne 1541.


Package natbib Warning: Citation `li2016c' on page 56 undefined on input line 1
543.


Package natbib Warning: Citation `tsou2015' on page 56 undefined on input line 
1545.


Underfull \hbox (badness 10000) in paragraph at lines 1545--1547
[][]\TU/lmr/m/n/10 DIA-Umpire[] comprehensive computational framework for data-

 []


Package natbib Warning: Citation `chen2017a' on page 56 undefined on input line
 1547.


Package natbib Warning: Citation `zha2018' on page 56 undefined on input line 1
549.

[56] [57] [58

]
Chapter 8.

Overfull \hbox (8.05319pt too wide) detected at line 1574
[][][][][][][][][][][][][][][][][] [] [][][][][][][][][][][][][][] [][][][][][]
[][][][][][] [][][][] [][][][][][][][][][][][] [][] [] [][][][][][][][][][]
 []

[59] [60]

Package natbib Warning: Citation `cai2017' on page 61 undefined on input line 1
622.

[61] [62

]
Chapter 9.
[63] [64]

Package natbib Warning: Citation `ortmayr2016a' on page 65 undefined on input l
ine 1690.

[65] [66]

Package natbib Warning: Citation `yamamoto2014' on page 67 undefined on input l
ine 1722.


Package longtable Warning: Column widths have changed
(longtable)                in table 9.1 on input line 1743.

[67]

Package natbib Warning: Citation `yang2017a' on page 68 undefined on input line
 1762.


Package natbib Warning: Citation `andersson2009' on page 68 undefined on input 
line 1768.


Package natbib Warning: Citation `brereton2018' on page 68 undefined on input l
ine 1768.

[68]

Package natbib Warning: Citation `lecao2011' on page 69 undefined on input line
 1770.


Package natbib Warning: Citation `wiklund2008' on page 69 undefined on input li
ne 1772.


Package natbib Warning: Citation `chong2019' on page 69 undefined on input line
 1779.

[69] [70

]
Chapter 10.

Package natbib Warning: Citation `tsugawa2016' on page 71 undefined on input li
ne 1806.

[71]

Package natbib Warning: Citation `matsuo2017' on page 72 undefined on input lin
e 1808.

[72]

Package natbib Warning: Citation `fernandez-albert2014a' on page 73 undefined o
n input line 1846.

[73]

Package natbib Warning: Citation `zhang2020' on page 74 undefined on input line
 1864.


Package natbib Warning: Citation `haug2017' on page 74 undefined on input line 
1870.


Package natbib Warning: Citation `guitton2017' on page 74 undefined on input li
ne 1880.

[74]
Chapter 11.
[75

] [76] [77] [78] [79] [80] [81] [82] [83] [84

]
Chapter 12.

Package natbib Warning: Citation `lakhani2019' on page 85 undefined on input li
ne 2252.


Package natbib Warning: Citation `polderman2015' on page 85 undefined on input 
line 2252.


Package natbib Warning: Citation `polderman2015' on page 85 undefined on input 
line 2252.

[85]

Package natbib Warning: Citation `mansouri2018' on page 86 undefined on input l
ine 2296.


Package natbib Warning: Citation `mannhold2009' on page 86 undefined on input l
ine 2299.

[86]
No file Metabolomics.bbl.

Package natbib Warning: There were undefined citations.


Package longtable Warning: Table widths have changed. Rerun LaTeX.

Package atveryend Info: Empty hook `BeforeClearDocument' on input line 2345.
[87]
Package atveryend Info: Empty hook `AfterLastShipout' on input line 2345.
(./Metabolomics.aux)
Package atveryend Info: Empty hook `AtVeryEndDocument' on input line 2345.
Package atveryend Info: Executing hook `AtEndAfterFileList' on input line 2345.


Package rerunfilecheck Warning: File `Metabolomics.out' has changed.
(rerunfilecheck)                Rerun to get outlines right
(rerunfilecheck)                or use package `bookmark'.

Package rerunfilecheck Info: Checksums for `Metabolomics.out':
(rerunfilecheck)             Before: <no file>
(rerunfilecheck)             After:  E52EE380979B28DA7D0919744F03FE3D;11024.

LaTeX Warning: Label(s) may have changed. Rerun to get cross-references right.

Package atveryend Info: Empty hook `AtVeryVeryEnd' on input line 2345.
 ) 
Here is how much of TeX's memory you used:
 17709 strings out of 481274
 313951 string characters out of 5921294
 727712 words of memory out of 5000000
 34972 multiletter control sequences out of 15000+600000
 538813 words of font info for 80 fonts, out of 8000000 for 9000
 14 hyphenation exceptions out of 8191
 53i,6n,118p,1439b,459s stack positions out of 5000i,500n,10000p,200000b,80000s

Output written on Metabolomics.pdf (87 pages).
